<?xml version="1.0" encoding="UTF-8"?>
<!-- Generated by org.testng.reporters.JUnitXMLReporter -->
<testsuite ignored="0" hostname="EG5CG9363CKK" failures="0" tests="3" name="Card Checkout Test" time="70.953" errors="0" timestamp="2021-01-30T16:45:42 EET">
  <testcase classname="seleniumVOIS.testcases.UserRegistrationTest" name="UserCanRegisterSuccssfully" time="11.43"/>
  <testcase classname="seleniumVOIS.testcases.LoginTest" name="Login" time="5.081"/>
  <testcase classname="seleniumVOIS.testcases.CartCheckOutTest" name="CheckOutTheCard" time="19.951"/>
</testsuite> <!-- Card Checkout Test -->
