<?xml version="1.0" encoding="UTF-8"?>
<testng-results ignored="0" total="3" passed="3" failed="0" skipped="0">
  <reporter-output>
  </reporter-output>
  <suite started-at="2021-01-30T16:44:31 EET" name="VOIS-Test Suite" finished-at="2021-01-30T16:45:42 EET" duration-ms="70953">
    <groups>
    </groups>
    <test started-at="2021-01-30T16:44:31 EET" name="Card Checkout Test" finished-at="2021-01-30T16:45:42 EET" duration-ms="70953">
      <class name="seleniumVOIS.testcases.UserRegistrationTest">
        <test-method is-config="true" signature="beforeMethod()[pri:0, instance:seleniumVOIS.testcases.UserRegistrationTest@6950ed69]" started-at="2021-01-30T16:44:32 EET" name="beforeMethod" finished-at="2021-01-30T16:44:41 EET" duration-ms="8791" status="PASS">
          <reporter-output>
          </reporter-output>
        </test-method> <!-- beforeMethod -->
        <test-method signature="UserCanRegisterSuccssfully(java.lang.String, java.lang.String, java.lang.String, java.lang.String, java.lang.String, java.lang.String, java.lang.String, java.lang.String, java.lang.String, java.lang.String)[pri:1, instance:seleniumVOIS.testcases.UserRegistrationTest@6950ed69]" started-at="2021-01-30T16:44:41 EET" name="UserCanRegisterSuccssfully" data-provider="dataProvider_UserCanRegisterSuccssfully" finished-at="2021-01-30T16:44:52 EET" duration-ms="11430" status="PASS">
          <params>
            <param index="0">
              <value>
                <![CDATA[Abdelrahman]]>
              </value>
            </param>
            <param index="1">
              <value>
                <![CDATA[Hesham]]>
              </value>
            </param>
            <param index="2">
              <value>
                <![CDATA[Omar_87]]>
              </value>
            </param>
            <param index="3">
              <value>
                <![CDATA[Nassr ST]]>
              </value>
            </param>
            <param index="4">
              <value>
                <![CDATA[OCT]]>
              </value>
            </param>
            <param index="5">
              <value>
                <![CDATA[Alaska]]>
              </value>
            </param>
            <param index="6">
              <value>
                <![CDATA[10000]]>
              </value>
            </param>
            <param index="7">
              <value>
                <![CDATA[United States]]>
              </value>
            </param>
            <param index="8">
              <value>
                <![CDATA[9665592]]>
              </value>
            </param>
            <param index="9">
              <value>
                <![CDATA[SNP]]>
              </value>
            </param>
          </params>
          <reporter-output>
          </reporter-output>
        </test-method> <!-- UserCanRegisterSuccssfully -->
        <test-method is-config="true" signature="afterMethod()[pri:0, instance:seleniumVOIS.testcases.UserRegistrationTest@6950ed69]" started-at="2021-01-30T16:44:52 EET" name="afterMethod" finished-at="2021-01-30T16:44:54 EET" duration-ms="1129" status="PASS">
          <reporter-output>
          </reporter-output>
        </test-method> <!-- afterMethod -->
      </class> <!-- seleniumVOIS.testcases.UserRegistrationTest -->
      <class name="seleniumVOIS.testcases.CartCheckOutTest">
        <test-method is-config="true" signature="beforeMethod()[pri:0, instance:seleniumVOIS.testcases.CartCheckOutTest@6f3187b0]" started-at="2021-01-30T16:45:09 EET" name="beforeMethod" finished-at="2021-01-30T16:45:21 EET" duration-ms="12691" status="PASS">
          <reporter-output>
          </reporter-output>
        </test-method> <!-- beforeMethod -->
        <test-method signature="CheckOutTheCard(java.lang.String, java.lang.String, java.lang.String, java.lang.String, java.lang.String, java.lang.String, java.lang.String, java.lang.String, java.lang.String, java.lang.String, java.lang.String)[pri:1, instance:seleniumVOIS.testcases.CartCheckOutTest@6f3187b0]" started-at="2021-01-30T16:45:21 EET" name="CheckOutTheCard" data-provider="dataProvider_CheckOutTheCard" finished-at="2021-01-30T16:45:41 EET" duration-ms="19951" status="PASS">
          <params>
            <param index="0">
              <value>
                <![CDATA[$27.00]]>
              </value>
            </param>
            <param index="1">
              <value>
                <![CDATA[Blouse]]>
              </value>
            </param>
            <param index="2">
              <value>
                <![CDATA[Product successfully added to your shopping cart]]>
              </value>
            </param>
            <param index="3">
              <value>
                <![CDATA[$2.00]]>
              </value>
            </param>
            <param index="4">
              <value>
                <![CDATA[$29.00]]>
              </value>
            </param>
            <param index="5">
              <value>
                <![CDATA[$1.16]]>
              </value>
            </param>
            <param index="6">
              <value>
                <![CDATA[$30.16]]>
              </value>
            </param>
            <param index="7">
              <value>
                <![CDATA[$2.00]]>
              </value>
            </param>
            <param index="8">
              <value>
                <![CDATA[You have chosen to pay by bank wire.]]>
              </value>
            </param>
            <param index="9">
              <value>
                <![CDATA[Your order on My Store is complete.]]>
              </value>
            </param>
            <param index="10">
              <value>
                <![CDATA[ORDER HISTORY]]>
              </value>
            </param>
          </params>
          <reporter-output>
          </reporter-output>
        </test-method> <!-- CheckOutTheCard -->
        <test-method is-config="true" signature="afterMethod()[pri:0, instance:seleniumVOIS.testcases.CartCheckOutTest@6f3187b0]" started-at="2021-01-30T16:45:41 EET" name="afterMethod" finished-at="2021-01-30T16:45:42 EET" duration-ms="1006" status="PASS">
          <reporter-output>
          </reporter-output>
        </test-method> <!-- afterMethod -->
      </class> <!-- seleniumVOIS.testcases.CartCheckOutTest -->
      <class name="seleniumVOIS.testcases.LoginTest">
        <test-method is-config="true" signature="beforeMethod()[pri:0, instance:seleniumVOIS.testcases.LoginTest@6dd7b5a3]" started-at="2021-01-30T16:44:54 EET" name="beforeMethod" finished-at="2021-01-30T16:45:02 EET" duration-ms="8524" status="PASS">
          <reporter-output>
          </reporter-output>
        </test-method> <!-- beforeMethod -->
        <test-method signature="Login()[pri:1, instance:seleniumVOIS.testcases.LoginTest@6dd7b5a3]" started-at="2021-01-30T16:45:02 EET" name="Login" finished-at="2021-01-30T16:45:07 EET" duration-ms="5081" status="PASS">
          <reporter-output>
          </reporter-output>
        </test-method> <!-- Login -->
        <test-method is-config="true" signature="afterMethod()[pri:0, instance:seleniumVOIS.testcases.LoginTest@6dd7b5a3]" started-at="2021-01-30T16:45:07 EET" name="afterMethod" finished-at="2021-01-30T16:45:08 EET" duration-ms="1216" status="PASS">
          <reporter-output>
          </reporter-output>
        </test-method> <!-- afterMethod -->
      </class> <!-- seleniumVOIS.testcases.LoginTest -->
    </test> <!-- Card Checkout Test -->
  </suite> <!-- VOIS-Test Suite -->
</testng-results>
